<?xml version="1.0" encoding="UTF-8"?>
<!-- Generated by org.testng.reporters.JUnitXMLReporter -->
<testsuite hostname="nooslvdi001716" ignored="0" name="Test" tests="4" failures="0" timestamp="2021-01-13T20:11:27 GMT+05:30" time="35.269" errors="0">
  <testcase name="loginPageTitleTest" time="0.494" classname="com.bookstore.qa.test.LoginPageTest"/>
  <testcase name="addBookToProfileTest" time="0.424" classname="com.bookstore.qa.test.ProfilePageTest"/>
  <testcase name="removeBookFromProfileTest" time="0.411" classname="com.bookstore.qa.test.ProfilePageTest"/>
  <testcase name="searchBookInProfileTest" time="0.382" classname="com.bookstore.qa.test.ProfilePageTest"/>
</testsuite> <!-- Test -->
