<?xml version="1.0" encoding="UTF-8"?>
<!-- Generated by org.testng.reporters.JUnitXMLReporter -->
<testsuite hostname="nooslvdi001716" ignored="0" name="Default test" tests="3" failures="0" timestamp="2021-01-04T22:42:16 GMT+05:30" time="23.758" errors="0">
  <testcase name="addBookToProfileTest" time="0.301" classname="com.bookstore.qa.test.ProfilePageTest"/>
  <testcase name="removeBookFromProfileTest" time="0.232" classname="com.bookstore.qa.test.ProfilePageTest"/>
  <testcase name="searchBookInProfileTest" time="0.239" classname="com.bookstore.qa.test.ProfilePageTest"/>
</testsuite> <!-- Default test -->
